<?xml version="1.0" encoding="UTF-8"?>
<testng-results skipped="0" failed="1" total="2" passed="1">
  <reporter-output>
    <line>
      <![CDATA[title done]]>
    </line>
    <line>
      <![CDATA[header done]]>
    </line>
    <line>
      <![CDATA[logo done]]>
    </line>
    <line>
      <![CDATA[search bar done]]>
    </line>
    <line>
      <![CDATA[search button done]]>
    </line>
    <line>
      <![CDATA[cat nav done]]>
    </line>
    <line>
      <![CDATA[categories done]]>
    </line>
    <line>
      <![CDATA[title done]]>
    </line>
    <line>
      <![CDATA[Sign in valid]]>
    </line>
  </reporter-output>
  <suite name="Default suite" duration-ms="124454" started-at="2016-11-29T02:29:33Z" finished-at="2016-11-29T02:31:37Z">
    <groups>
    </groups>
    <test name="Default test" duration-ms="124454" started-at="2016-11-29T02:29:33Z" finished-at="2016-11-29T02:31:37Z">
      <class name="tests.TestAmazonLoginPage">
        <test-method status="FAIL" signature="testHomePage()[pri:0, instance:tests.TestAmazonLoginPage@87281f]" name="testHomePage" duration-ms="59145" started-at="2016-11-29T08:00:33Z" finished-at="2016-11-29T08:01:33Z">
          <exception class="org.openqa.selenium.NoSuchElementException">
            <message>
              <![CDATA[Unable to locate element: {"method":"xpath","selector":".//*[@id='nav-link-yourAccount']/span[1]"}
Command duration or timeout: 20.11 seconds
For documentation on this error, please visit: http://seleniumhq.org/exceptions/no_such_element.html
Build info: version: '2.53.0', revision: '35ae25b', time: '2016-03-15 16:57:40'
System info: host: 'HCL-PC', ip: '192.168.0.104', os.name: 'Windows 7', os.arch: 'x86', os.version: '6.1', java.version: '1.7.0_51'
*** Element info: {Using=xpath, value=.//*[@id='nav-link-yourAccount']/span[1]}
Session ID: 2351a233-8692-40b8-813d-b8900ee6f2a6
Driver info: org.openqa.selenium.firefox.FirefoxDriver
Capabilities [{platform=WINDOWS, acceptSslCerts=true, javascriptEnabled=true, cssSelectorsEnabled=true, databaseEnabled=true, browserName=firefox, handlesAlerts=true, nativeEvents=false, webStorageEnabled=true, rotatable=false, locationContextEnabled=true, applicationCacheEnabled=true, takesScreenshot=true, version=40.0.2}]]]>
            </message>
            <full-stacktrace>
              <![CDATA[org.openqa.selenium.NoSuchElementException: Unable to locate element: {"method":"xpath","selector":".//*[@id='nav-link-yourAccount']/span[1]"}
Command duration or timeout: 20.11 seconds
For documentation on this error, please visit: http://seleniumhq.org/exceptions/no_such_element.html
Build info: version: '2.53.0', revision: '35ae25b', time: '2016-03-15 16:57:40'
System info: host: 'HCL-PC', ip: '192.168.0.104', os.name: 'Windows 7', os.arch: 'x86', os.version: '6.1', java.version: '1.7.0_51'
*** Element info: {Using=xpath, value=.//*[@id='nav-link-yourAccount']/span[1]}
Session ID: 2351a233-8692-40b8-813d-b8900ee6f2a6
Driver info: org.openqa.selenium.firefox.FirefoxDriver
Capabilities [{platform=WINDOWS, acceptSslCerts=true, javascriptEnabled=true, cssSelectorsEnabled=true, databaseEnabled=true, browserName=firefox, handlesAlerts=true, nativeEvents=false, webStorageEnabled=true, rotatable=false, locationContextEnabled=true, applicationCacheEnabled=true, takesScreenshot=true, version=40.0.2}]
	at sun.reflect.NativeConstructorAccessorImpl.newInstance0(Native Method)
	at sun.reflect.NativeConstructorAccessorImpl.newInstance(Unknown Source)
	at sun.reflect.DelegatingConstructorAccessorImpl.newInstance(Unknown Source)
	at java.lang.reflect.Constructor.newInstance(Unknown Source)
	at org.openqa.selenium.remote.ErrorHandler.createThrowable(ErrorHandler.java:206)
	at org.openqa.selenium.remote.ErrorHandler.throwIfResponseFailed(ErrorHandler.java:158)
	at org.openqa.selenium.remote.RemoteWebDriver.execute(RemoteWebDriver.java:678)
	at org.openqa.selenium.remote.RemoteWebDriver.findElement(RemoteWebDriver.java:363)
	at org.openqa.selenium.remote.RemoteWebDriver.findElementByXPath(RemoteWebDriver.java:500)
	at org.openqa.selenium.By$ByXPath.findElement(By.java:361)
	at org.openqa.selenium.remote.RemoteWebDriver.findElement(RemoteWebDriver.java:355)
	at pages.AmazonHomePage.getHomePageSignIn(AmazonHomePage.java:70)
	at pages.AmazonHomePage.getHomePageSignOut(AmazonHomePage.java:75)
	at tests.TestAmazonLoginPage.testHomePage(TestAmazonLoginPage.java:62)
	at sun.reflect.NativeMethodAccessorImpl.invoke0(Native Method)
	at sun.reflect.NativeMethodAccessorImpl.invoke(Unknown Source)
	at sun.reflect.DelegatingMethodAccessorImpl.invoke(Unknown Source)
	at java.lang.reflect.Method.invoke(Unknown Source)
	at org.testng.internal.MethodInvocationHelper.invokeMethod(MethodInvocationHelper.java:85)
	at org.testng.internal.Invoker.invokeMethod(Invoker.java:639)
	at org.testng.internal.Invoker.invokeTestMethod(Invoker.java:816)
	at org.testng.internal.Invoker.invokeTestMethods(Invoker.java:1124)
	at org.testng.internal.TestMethodWorker.invokeTestMethods(TestMethodWorker.java:125)
	at org.testng.internal.TestMethodWorker.run(TestMethodWorker.java:108)
	at org.testng.TestRunner.privateRun(TestRunner.java:774)
	at org.testng.TestRunner.run(TestRunner.java:624)
	at org.testng.SuiteRunner.runTest(SuiteRunner.java:359)
	at org.testng.SuiteRunner.runSequentially(SuiteRunner.java:354)
	at org.testng.SuiteRunner.privateRun(SuiteRunner.java:312)
	at org.testng.SuiteRunner.run(SuiteRunner.java:261)
	at org.testng.SuiteRunnerWorker.runSuite(SuiteRunnerWorker.java:52)
	at org.testng.SuiteRunnerWorker.run(SuiteRunnerWorker.java:86)
	at org.testng.TestNG.runSuitesSequentially(TestNG.java:1215)
	at org.testng.TestNG.runSuitesLocally(TestNG.java:1140)
	at org.testng.TestNG.run(TestNG.java:1048)
	at org.testng.remote.AbstractRemoteTestNG.run(AbstractRemoteTestNG.java:132)
	at org.testng.remote.RemoteTestNG.initAndRun(RemoteTestNG.java:236)
	at org.testng.remote.RemoteTestNG.main(RemoteTestNG.java:81)
Caused by: org.openqa.selenium.NoSuchElementException: Unable to locate element: {"method":"xpath","selector":".//*[@id='nav-link-yourAccount']/span[1]"}
For documentation on this error, please visit: http://seleniumhq.org/exceptions/no_such_element.html
Build info: version: '2.53.0', revision: '35ae25b', time: '2016-03-15 16:57:40'
System info: host: 'HCL-PC', ip: '192.168.0.104', os.name: 'Windows 7', os.arch: 'x86', os.version: '6.1', java.version: '1.7.0_51'
Driver info: driver.version: unknown
	at <anonymous class>.FirefoxDriver.prototype.findElementInternal_(file:///C:/Users/HCL/AppData/Local/Temp/anonymous699413940062545512webdriver-profile/extensions/fxdriver@googlecode.com/components/driver-component.js:10770)
	at <anonymous class>.fxdriver.Timer.prototype.setTimeout/<.notify(file:///C:/Users/HCL/AppData/Local/Temp/anonymous699413940062545512webdriver-profile/extensions/fxdriver@googlecode.com/components/driver-component.js:625)
]]>
            </full-stacktrace>
          </exception> <!-- org.openqa.selenium.NoSuchElementException -->
          <reporter-output>
            <line>
              <![CDATA[title done]]>
            </line>
            <line>
              <![CDATA[Sign in valid]]>
            </line>
          </reporter-output>
        </test-method> <!-- testHomePage -->
      </class> <!-- tests.TestAmazonLoginPage -->
      <class name="tests.TestAmazonHomePage">
        <test-method status="PASS" signature="setUp()[pri:0, instance:tests.TestAmazonHomePage@8c0c7a]" name="setUp" is-config="true" duration-ms="27413" started-at="2016-11-29T07:59:33Z" finished-at="2016-11-29T08:00:00Z">
          <reporter-output>
          </reporter-output>
        </test-method> <!-- setUp -->
        <test-method status="PASS" signature="setUp()[pri:0, instance:tests.TestAmazonLoginPage@87281f]" name="setUp" is-config="true" duration-ms="28219" started-at="2016-11-29T08:00:00Z" finished-at="2016-11-29T08:00:28Z">
          <reporter-output>
          </reporter-output>
        </test-method> <!-- setUp -->
        <test-method status="PASS" signature="testHomePage()[pri:0, instance:tests.TestAmazonHomePage@8c0c7a]" name="testHomePage" duration-ms="3710" started-at="2016-11-29T08:00:30Z" finished-at="2016-11-29T08:00:33Z">
          <reporter-output>
            <line>
              <![CDATA[title done]]>
            </line>
            <line>
              <![CDATA[header done]]>
            </line>
            <line>
              <![CDATA[logo done]]>
            </line>
            <line>
              <![CDATA[search bar done]]>
            </line>
            <line>
              <![CDATA[search button done]]>
            </line>
            <line>
              <![CDATA[cat nav done]]>
            </line>
            <line>
              <![CDATA[categories done]]>
            </line>
          </reporter-output>
        </test-method> <!-- testHomePage -->
        <test-method status="PASS" signature="afterTest()[pri:0, instance:tests.TestAmazonHomePage@8c0c7a]" name="afterTest" is-config="true" duration-ms="2873" started-at="2016-11-29T08:01:33Z" finished-at="2016-11-29T08:01:36Z">
          <reporter-output>
          </reporter-output>
        </test-method> <!-- afterTest -->
        <test-method status="PASS" signature="afterTest()[pri:0, instance:tests.TestAmazonLoginPage@87281f]" name="afterTest" is-config="true" duration-ms="1460" started-at="2016-11-29T08:01:36Z" finished-at="2016-11-29T08:01:37Z">
          <reporter-output>
          </reporter-output>
        </test-method> <!-- afterTest -->
      </class> <!-- tests.TestAmazonHomePage -->
    </test> <!-- Default test -->
  </suite> <!-- Default suite -->
</testng-results>
